2024-12-30 21:54:09 :: [31merror[39m :: Error: Not found
    at C:\Data\VScode-Workspace\CapstoneProject\backend\src\index.js:41:8
    at Layer.handle [as handle_request] (C:\Data\VScode-Workspace\CapstoneProject\backend\node_modules\express\lib\router\layer.js:95:5)
    at trim_prefix (C:\Data\VScode-Workspace\CapstoneProject\backend\node_modules\express\lib\router\index.js:328:13)
    at C:\Data\VScode-Workspace\CapstoneProject\backend\node_modules\express\lib\router\index.js:286:9
    at Function.process_params (C:\Data\VScode-Workspace\CapstoneProject\backend\node_modules\express\lib\router\index.js:346:12)
    at next (C:\Data\VScode-Workspace\CapstoneProject\backend\node_modules\express\lib\router\index.js:280:10)
    at cors (C:\Data\VScode-Workspace\CapstoneProject\backend\node_modules\cors\lib\index.js:188:7)
    at C:\Data\VScode-Workspace\CapstoneProject\backend\node_modules\cors\lib\index.js:224:17
    at originCallback (C:\Data\VScode-Workspace\CapstoneProject\backend\node_modules\cors\lib\index.js:214:15)
    at C:\Data\VScode-Workspace\CapstoneProject\backend\node_modules\cors\lib\index.js:219:13
    at optionsCallback (C:\Data\VScode-Workspace\CapstoneProject\backend\node_modules\cors\lib\index.js:199:9)
    at corsMiddleware (C:\Data\VScode-Workspace\CapstoneProject\backend\node_modules\cors\lib\index.js:204:7)
    at Layer.handle [as handle_request] (C:\Data\VScode-Workspace\CapstoneProject\backend\node_modules\express\lib\router\layer.js:95:5)
    at trim_prefix (C:\Data\VScode-Workspace\CapstoneProject\backend\node_modules\express\lib\router\index.js:328:13)
    at C:\Data\VScode-Workspace\CapstoneProject\backend\node_modules\express\lib\router\index.js:286:9
    at Function.process_params (C:\Data\VScode-Workspace\CapstoneProject\backend\node_modules\express\lib\router\index.js:346:12)
2024-12-30 22:12:30 :: [31merror[39m :: Error: Not found
    at C:\Data\VScode-Workspace\CapstoneProject\backend\src\index.js:41:8
    at Layer.handle [as handle_request] (C:\Data\VScode-Workspace\CapstoneProject\backend\node_modules\express\lib\router\layer.js:95:5)
    at trim_prefix (C:\Data\VScode-Workspace\CapstoneProject\backend\node_modules\express\lib\router\index.js:328:13)
    at C:\Data\VScode-Workspace\CapstoneProject\backend\node_modules\express\lib\router\index.js:286:9
    at Function.process_params (C:\Data\VScode-Workspace\CapstoneProject\backend\node_modules\express\lib\router\index.js:346:12)
    at next (C:\Data\VScode-Workspace\CapstoneProject\backend\node_modules\express\lib\router\index.js:280:10)
    at cors (C:\Data\VScode-Workspace\CapstoneProject\backend\node_modules\cors\lib\index.js:188:7)
    at C:\Data\VScode-Workspace\CapstoneProject\backend\node_modules\cors\lib\index.js:224:17
    at originCallback (C:\Data\VScode-Workspace\CapstoneProject\backend\node_modules\cors\lib\index.js:214:15)
    at C:\Data\VScode-Workspace\CapstoneProject\backend\node_modules\cors\lib\index.js:219:13
    at optionsCallback (C:\Data\VScode-Workspace\CapstoneProject\backend\node_modules\cors\lib\index.js:199:9)
    at corsMiddleware (C:\Data\VScode-Workspace\CapstoneProject\backend\node_modules\cors\lib\index.js:204:7)
    at Layer.handle [as handle_request] (C:\Data\VScode-Workspace\CapstoneProject\backend\node_modules\express\lib\router\layer.js:95:5)
    at trim_prefix (C:\Data\VScode-Workspace\CapstoneProject\backend\node_modules\express\lib\router\index.js:328:13)
    at C:\Data\VScode-Workspace\CapstoneProject\backend\node_modules\express\lib\router\index.js:286:9
    at Function.process_params (C:\Data\VScode-Workspace\CapstoneProject\backend\node_modules\express\lib\router\index.js:346:12)
